C51 COMPILER V9.55   MAIN                                                                  05/16/2017 13:56:54 PAGE 1   


C51 COMPILER V9.55, COMPILATION OF MODULE MAIN
OBJECT MODULE PLACED IN .\Objects\main.obj
COMPILER INVOKED BY: C:\Keil_v5\C51\BIN\C51.EXE main.c OPTIMIZE(8,SPEED) DEBUG OBJECTEXTEND PRINT(.\Listings\main.lst) T
                    -ABS(2) OBJECT(.\Objects\main.obj)

line level    source

   1          #include <regx51.h>
   2          //#include "delay.h"
   3          #include "keyboard.h"
   4          //#include "lcd.h"
   5          
   6          void main()
   7          {
   8   1        unsigned char getkey=0;
   9   1        
  10   1        while(1)
  11   1        {
  12   2          getkey=presskey();
  13   2          P1=getkey;
  14   2        }
  15   1      }


MODULE INFORMATION:   STATIC OVERLAYABLE
   CODE SIZE        =    169    ----
   CONSTANT SIZE    =      4    ----
   XDATA SIZE       =   ----    ----
   PDATA SIZE       =   ----    ----
   DATA SIZE        =   ----       5
   IDATA SIZE       =   ----    ----
   BIT SIZE         =   ----    ----
END OF MODULE INFORMATION.


C51 COMPILATION COMPLETE.  0 WARNING(S),  0 ERROR(S)
